[09-Mar-2021 12:48:01 UTC] PHP Warning:  mysqli_real_connect(): The server requested authentication method unknown to the client [caching_sha2_password] in /var/www/html/wp-includes/wp-db.php on line 1635
[09-Mar-2021 12:48:01 UTC] PHP Warning:  mysqli_real_connect(): (HY000/2054): The server requested authentication method unknown to the client in /var/www/html/wp-includes/wp-db.php on line 1635
[09-Mar-2021 12:48:02 UTC] PHP Warning:  mysqli_real_connect(): The server requested authentication method unknown to the client [caching_sha2_password] in /var/www/html/wp-includes/wp-db.php on line 1635
[09-Mar-2021 12:48:02 UTC] PHP Warning:  mysqli_real_connect(): (HY000/2054): The server requested authentication method unknown to the client in /var/www/html/wp-includes/wp-db.php on line 1635
[09-Mar-2021 12:48:10 UTC] PHP Warning:  mysqli_real_connect(): The server requested authentication method unknown to the client [caching_sha2_password] in /var/www/html/wp-includes/wp-db.php on line 1635
[09-Mar-2021 12:48:10 UTC] PHP Warning:  mysqli_real_connect(): (HY000/2054): The server requested authentication method unknown to the client in /var/www/html/wp-includes/wp-db.php on line 1635
[09-Mar-2021 12:49:44 UTC] PHP Warning:  mysqli_real_connect(): The server requested authentication method unknown to the client [caching_sha2_password] in /var/www/html/wp-includes/wp-db.php on line 1635
[09-Mar-2021 12:49:44 UTC] PHP Warning:  mysqli_real_connect(): (HY000/2054): The server requested authentication method unknown to the client in /var/www/html/wp-includes/wp-db.php on line 1635
[09-Mar-2021 12:49:48 UTC] PHP Warning:  mysqli_real_connect(): The server requested authentication method unknown to the client [caching_sha2_password] in /var/www/html/wp-includes/wp-db.php on line 1635
[09-Mar-2021 12:49:48 UTC] PHP Warning:  mysqli_real_connect(): (HY000/2054): The server requested authentication method unknown to the client in /var/www/html/wp-includes/wp-db.php on line 1635
[09-Mar-2021 12:49:50 UTC] PHP Warning:  mysqli_real_connect(): The server requested authentication method unknown to the client [caching_sha2_password] in /var/www/html/wp-includes/wp-db.php on line 1635
[09-Mar-2021 12:49:50 UTC] PHP Warning:  mysqli_real_connect(): (HY000/2054): The server requested authentication method unknown to the client in /var/www/html/wp-includes/wp-db.php on line 1635
[09-Mar-2021 12:50:07 UTC] PHP Warning:  mysqli_real_connect(): The server requested authentication method unknown to the client [caching_sha2_password] in /var/www/html/wp-includes/wp-db.php on line 1635
[09-Mar-2021 12:50:07 UTC] PHP Warning:  mysqli_real_connect(): (HY000/2054): The server requested authentication method unknown to the client in /var/www/html/wp-includes/wp-db.php on line 1635
[09-Mar-2021 12:51:28 UTC] PHP Warning:  mysqli_real_connect(): The server requested authentication method unknown to the client [caching_sha2_password] in /var/www/html/wp-includes/wp-db.php on line 1635
[09-Mar-2021 12:51:28 UTC] PHP Warning:  mysqli_real_connect(): (HY000/2054): The server requested authentication method unknown to the client in /var/www/html/wp-includes/wp-db.php on line 1635
[09-Mar-2021 12:51:44 UTC] PHP Warning:  mysqli_real_connect(): The server requested authentication method unknown to the client [caching_sha2_password] in /var/www/html/wp-includes/wp-db.php on line 1635
[09-Mar-2021 12:51:44 UTC] PHP Warning:  mysqli_real_connect(): (HY000/2054): The server requested authentication method unknown to the client in /var/www/html/wp-includes/wp-db.php on line 1635
[09-Mar-2021 12:52:10 UTC] PHP Warning:  mysqli_real_connect(): The server requested authentication method unknown to the client [caching_sha2_password] in /var/www/html/wp-includes/wp-db.php on line 1635
[09-Mar-2021 12:52:10 UTC] PHP Warning:  mysqli_real_connect(): (HY000/2054): The server requested authentication method unknown to the client in /var/www/html/wp-includes/wp-db.php on line 1635
[09-Mar-2021 12:52:37 UTC] PHP Warning:  mysqli_real_connect(): The server requested authentication method unknown to the client [caching_sha2_password] in /var/www/html/wp-includes/wp-db.php on line 1635
[09-Mar-2021 12:52:37 UTC] PHP Warning:  mysqli_real_connect(): (HY000/2054): The server requested authentication method unknown to the client in /var/www/html/wp-includes/wp-db.php on line 1635
[09-Mar-2021 12:52:44 UTC] PHP Warning:  mysqli_real_connect(): The server requested authentication method unknown to the client [caching_sha2_password] in /var/www/html/wp-includes/wp-db.php on line 1635
[09-Mar-2021 12:52:44 UTC] PHP Warning:  mysqli_real_connect(): (HY000/2054): The server requested authentication method unknown to the client in /var/www/html/wp-includes/wp-db.php on line 1635
[09-Mar-2021 12:52:57 UTC] PHP Warning:  mysqli_real_connect(): The server requested authentication method unknown to the client [caching_sha2_password] in /var/www/html/wp-includes/wp-db.php on line 1635
[09-Mar-2021 12:52:57 UTC] PHP Warning:  mysqli_real_connect(): (HY000/2054): The server requested authentication method unknown to the client in /var/www/html/wp-includes/wp-db.php on line 1635
[09-Mar-2021 12:53:22 UTC] PHP Warning:  mysqli_real_connect(): The server requested authentication method unknown to the client [caching_sha2_password] in /var/www/html/wp-includes/wp-db.php on line 1635
[09-Mar-2021 12:53:22 UTC] PHP Warning:  mysqli_real_connect(): (HY000/2054): The server requested authentication method unknown to the client in /var/www/html/wp-includes/wp-db.php on line 1635
[09-Mar-2021 12:53:55 UTC] PHP Warning:  mysqli_real_connect(): The server requested authentication method unknown to the client [caching_sha2_password] in /var/www/html/wp-includes/wp-db.php on line 1635
[09-Mar-2021 12:53:55 UTC] PHP Warning:  mysqli_real_connect(): (HY000/2054): The server requested authentication method unknown to the client in /var/www/html/wp-includes/wp-db.php on line 1635
[09-Mar-2021 12:54:53 UTC] PHP Warning:  mysqli_real_connect(): The server requested authentication method unknown to the client [caching_sha2_password] in /var/www/html/wp-includes/wp-db.php on line 1635
[09-Mar-2021 12:54:53 UTC] PHP Warning:  mysqli_real_connect(): (HY000/2054): The server requested authentication method unknown to the client in /var/www/html/wp-includes/wp-db.php on line 1635
[09-Mar-2021 12:55:19 UTC] PHP Warning:  mysqli_real_connect(): The server requested authentication method unknown to the client [caching_sha2_password] in /var/www/html/wp-includes/wp-db.php on line 1635
[09-Mar-2021 12:55:19 UTC] PHP Warning:  mysqli_real_connect(): (HY000/2054): The server requested authentication method unknown to the client in /var/www/html/wp-includes/wp-db.php on line 1635
[09-Mar-2021 12:55:26 UTC] PHP Warning:  mysqli_real_connect(): The server requested authentication method unknown to the client [caching_sha2_password] in /var/www/html/wp-includes/wp-db.php on line 1635
[09-Mar-2021 12:55:26 UTC] PHP Warning:  mysqli_real_connect(): (HY000/2054): The server requested authentication method unknown to the client in /var/www/html/wp-includes/wp-db.php on line 1635
[09-Mar-2021 12:59:32 UTC] PHP Warning:  mysqli_real_connect(): The server requested authentication method unknown to the client [caching_sha2_password] in /var/www/html/wp-includes/wp-db.php on line 1635
[09-Mar-2021 12:59:32 UTC] PHP Warning:  mysqli_real_connect(): (HY000/2054): The server requested authentication method unknown to the client in /var/www/html/wp-includes/wp-db.php on line 1635
[09-Mar-2021 12:59:36 UTC] PHP Warning:  mysqli_real_connect(): The server requested authentication method unknown to the client [caching_sha2_password] in /var/www/html/wp-includes/wp-db.php on line 1635
[09-Mar-2021 12:59:36 UTC] PHP Warning:  mysqli_real_connect(): (HY000/2054): The server requested authentication method unknown to the client in /var/www/html/wp-includes/wp-db.php on line 1635
[09-Mar-2021 12:59:44 UTC] PHP Warning:  mysqli_real_connect(): The server requested authentication method unknown to the client [caching_sha2_password] in /var/www/html/wp-includes/wp-db.php on line 1635
[09-Mar-2021 12:59:44 UTC] PHP Warning:  mysqli_real_connect(): (HY000/2054): The server requested authentication method unknown to the client in /var/www/html/wp-includes/wp-db.php on line 1635
[09-Mar-2021 13:00:04 UTC] PHP Warning:  mysqli_real_connect(): The server requested authentication method unknown to the client [caching_sha2_password] in /var/www/html/wp-includes/wp-db.php on line 1635
[09-Mar-2021 13:00:04 UTC] PHP Warning:  mysqli_real_connect(): (HY000/2054): The server requested authentication method unknown to the client in /var/www/html/wp-includes/wp-db.php on line 1635
[09-Mar-2021 13:00:21 UTC] PHP Warning:  mysqli_real_connect(): The server requested authentication method unknown to the client [caching_sha2_password] in /var/www/html/wp-includes/wp-db.php on line 1635
[09-Mar-2021 13:00:21 UTC] PHP Warning:  mysqli_real_connect(): (HY000/2054): The server requested authentication method unknown to the client in /var/www/html/wp-includes/wp-db.php on line 1635
[09-Mar-2021 13:01:43 UTC] PHP Warning:  mysqli_real_connect(): The server requested authentication method unknown to the client [caching_sha2_password] in /var/www/html/wp-includes/wp-db.php on line 1635
[09-Mar-2021 13:01:43 UTC] PHP Warning:  mysqli_real_connect(): (HY000/2054): The server requested authentication method unknown to the client in /var/www/html/wp-includes/wp-db.php on line 1635
[09-Mar-2021 13:02:33 UTC] PHP Warning:  mysqli_real_connect(): The server requested authentication method unknown to the client [caching_sha2_password] in /var/www/html/wp-includes/wp-db.php on line 1635
[09-Mar-2021 13:02:33 UTC] PHP Warning:  mysqli_real_connect(): (HY000/2054): The server requested authentication method unknown to the client in /var/www/html/wp-includes/wp-db.php on line 1635
[09-Mar-2021 13:02:41 UTC] PHP Warning:  mysqli_real_connect(): The server requested authentication method unknown to the client [caching_sha2_password] in /var/www/html/wp-includes/wp-db.php on line 1635
[09-Mar-2021 13:02:41 UTC] PHP Warning:  mysqli_real_connect(): (HY000/2054): The server requested authentication method unknown to the client in /var/www/html/wp-includes/wp-db.php on line 1635
[09-Mar-2021 13:04:12 UTC] PHP Warning:  mysqli_real_connect(): The server requested authentication method unknown to the client [caching_sha2_password] in /var/www/html/wp-includes/wp-db.php on line 1635
[09-Mar-2021 13:04:12 UTC] PHP Warning:  mysqli_real_connect(): (HY000/2054): The server requested authentication method unknown to the client in /var/www/html/wp-includes/wp-db.php on line 1635
[09-Mar-2021 13:06:35 UTC] PHP Warning:  mysqli_real_connect(): The server requested authentication method unknown to the client [caching_sha2_password] in /var/www/html/wp-includes/wp-db.php on line 1635
[09-Mar-2021 13:06:35 UTC] PHP Warning:  mysqli_real_connect(): (HY000/2054): The server requested authentication method unknown to the client in /var/www/html/wp-includes/wp-db.php on line 1635
[09-Mar-2021 13:06:36 UTC] PHP Warning:  mysqli_real_connect(): The server requested authentication method unknown to the client [caching_sha2_password] in /var/www/html/wp-includes/wp-db.php on line 1635
[09-Mar-2021 13:06:36 UTC] PHP Warning:  mysqli_real_connect(): (HY000/2054): The server requested authentication method unknown to the client in /var/www/html/wp-includes/wp-db.php on line 1635
[09-Mar-2021 13:06:40 UTC] PHP Warning:  mysqli_real_connect(): The server requested authentication method unknown to the client [caching_sha2_password] in /var/www/html/wp-includes/wp-db.php on line 1635
[09-Mar-2021 13:06:40 UTC] PHP Warning:  mysqli_real_connect(): (HY000/2054): The server requested authentication method unknown to the client in /var/www/html/wp-includes/wp-db.php on line 1635
[09-Mar-2021 13:06:50 UTC] PHP Warning:  mysqli_real_connect(): The server requested authentication method unknown to the client [caching_sha2_password] in /var/www/html/wp-includes/wp-db.php on line 1635
[09-Mar-2021 13:06:50 UTC] PHP Warning:  mysqli_real_connect(): (HY000/2054): The server requested authentication method unknown to the client in /var/www/html/wp-includes/wp-db.php on line 1635
[09-Mar-2021 13:07:12 UTC] PHP Warning:  mysqli_real_connect(): The server requested authentication method unknown to the client [caching_sha2_password] in /var/www/html/wp-includes/wp-db.php on line 1635
[09-Mar-2021 13:07:12 UTC] PHP Warning:  mysqli_real_connect(): (HY000/2054): The server requested authentication method unknown to the client in /var/www/html/wp-includes/wp-db.php on line 1635
[09-Mar-2021 13:07:33 UTC] PHP Warning:  mysqli_real_connect(): The server requested authentication method unknown to the client [caching_sha2_password] in /var/www/html/wp-includes/wp-db.php on line 1635
[09-Mar-2021 13:07:33 UTC] PHP Warning:  mysqli_real_connect(): (HY000/2054): The server requested authentication method unknown to the client in /var/www/html/wp-includes/wp-db.php on line 1635
[09-Mar-2021 13:07:39 UTC] PHP Warning:  mysqli_real_connect(): The server requested authentication method unknown to the client [caching_sha2_password] in /var/www/html/wp-includes/wp-db.php on line 1635
[09-Mar-2021 13:07:39 UTC] PHP Warning:  mysqli_real_connect(): (HY000/2054): The server requested authentication method unknown to the client in /var/www/html/wp-includes/wp-db.php on line 1635
[09-Mar-2021 13:08:09 UTC] PHP Warning:  mysqli_real_connect(): The server requested authentication method unknown to the client [caching_sha2_password] in /var/www/html/wp-includes/wp-db.php on line 1635
[09-Mar-2021 13:08:09 UTC] PHP Warning:  mysqli_real_connect(): (HY000/2054): The server requested authentication method unknown to the client in /var/www/html/wp-includes/wp-db.php on line 1635
[09-Mar-2021 13:08:22 UTC] PHP Warning:  mysqli_real_connect(): The server requested authentication method unknown to the client [caching_sha2_password] in /var/www/html/wp-includes/wp-db.php on line 1635
[09-Mar-2021 13:08:22 UTC] PHP Warning:  mysqli_real_connect(): (HY000/2054): The server requested authentication method unknown to the client in /var/www/html/wp-includes/wp-db.php on line 1635
[09-Mar-2021 13:08:29 UTC] PHP Warning:  mysqli_real_connect(): The server requested authentication method unknown to the client [caching_sha2_password] in /var/www/html/wp-includes/wp-db.php on line 1635
[09-Mar-2021 13:08:29 UTC] PHP Warning:  mysqli_real_connect(): (HY000/2054): The server requested authentication method unknown to the client in /var/www/html/wp-includes/wp-db.php on line 1635
[09-Mar-2021 13:08:30 UTC] PHP Warning:  mysqli_real_connect(): The server requested authentication method unknown to the client [caching_sha2_password] in /var/www/html/wp-includes/wp-db.php on line 1635
[09-Mar-2021 13:08:30 UTC] PHP Warning:  mysqli_real_connect(): (HY000/2054): The server requested authentication method unknown to the client in /var/www/html/wp-includes/wp-db.php on line 1635
[09-Mar-2021 13:08:36 UTC] PHP Warning:  mysqli_real_connect(): The server requested authentication method unknown to the client [caching_sha2_password] in /var/www/html/wp-includes/wp-db.php on line 1635
[09-Mar-2021 13:08:36 UTC] PHP Warning:  mysqli_real_connect(): (HY000/2054): The server requested authentication method unknown to the client in /var/www/html/wp-includes/wp-db.php on line 1635
[09-Mar-2021 13:09:21 UTC] PHP Warning:  mysqli_real_connect(): The server requested authentication method unknown to the client [caching_sha2_password] in /var/www/html/wp-includes/wp-db.php on line 1635
[09-Mar-2021 13:09:21 UTC] PHP Warning:  mysqli_real_connect(): (HY000/2054): The server requested authentication method unknown to the client in /var/www/html/wp-includes/wp-db.php on line 1635
[09-Mar-2021 13:09:29 UTC] PHP Warning:  mysqli_real_connect(): The server requested authentication method unknown to the client [caching_sha2_password] in /var/www/html/wp-includes/wp-db.php on line 1635
[09-Mar-2021 13:09:29 UTC] PHP Warning:  mysqli_real_connect(): (HY000/2054): The server requested authentication method unknown to the client in /var/www/html/wp-includes/wp-db.php on line 1635
[09-Mar-2021 13:11:30 UTC] PHP Deprecated:  Function create_function() is deprecated in /var/www/html/wp-includes/class-wp-ajax-response.php on line 1
[09-Mar-2021 13:11:30 UTC] PHP Deprecated:  Function create_function() is deprecated in /var/www/html/wp-includes/capabilities.php on line 1
[09-Mar-2021 13:11:30 UTC] PHP Deprecated:  Function create_function() is deprecated in /var/www/html/wp-includes/class-wp-metadata-lazyloader.php on line 1
[09-Mar-2021 13:11:30 UTC] PHP Deprecated:  Function create_function() is deprecated in /var/www/html/wp-includes/class-requests.php on line 1
[09-Mar-2021 13:11:30 UTC] PHP Deprecated:  Function create_function() is deprecated in /var/www/html/wp-includes/rest-api/endpoints/class-wp-rest-posts-controller.php on line 1
[09-Mar-2021 13:11:30 UTC] PHP Deprecated:  Function create_function() is deprecated in /var/www/html/wp-includes/sitemaps/class-wp-sitemaps-stylesheet.php on line 1
[09-Mar-2021 13:11:30 UTC] PHP Deprecated:  Function create_function() is deprecated in /var/www/html/wp-includes/blocks/latest-comments.php on line 1
[09-Mar-2021 13:11:30 UTC] PHP Deprecated:  Function create_function() is deprecated in /var/www/html/wp-content/plugins/contact-form-7/includes/integration.php on line 1
[09-Mar-2021 13:11:30 UTC] PHP Deprecated:  Function create_function() is deprecated in /var/www/html/wp-content/plugins/stop-wp-emails-going-to-spam/includes/vendor/freemius/wordpress-sdk/includes/entities/class-fs-plugin.php on line 1
[09-Mar-2021 13:11:30 UTC] PHP Deprecated:  Function create_function() is deprecated in /var/www/html/wp-content/plugins/stop-wp-emails-going-to-spam/includes/vendor/freemius/wordpress-sdk/includes/entities/class-fs-pricing.php on line 1
[09-Mar-2021 13:11:30 UTC] PHP Deprecated:  Function create_function() is deprecated in /var/www/html/wp-content/plugins/stop-wp-emails-going-to-spam/includes/vendor/freemius/wordpress-sdk/includes/entities/class-fs-plugin-license.php on line 1
[09-Mar-2021 13:11:30 UTC] PHP Deprecated:  Function create_function() is deprecated in /var/www/html/wp-includes/widgets/class-wp-widget-meta.php on line 1
[09-Mar-2021 13:11:30 UTC] PHP Deprecated:  Function create_function() is deprecated in /var/www/html/wp-includes/widgets/class-wp-widget-rss.php on line 1
[09-Mar-2021 13:11:30 UTC] PHP Deprecated:  Function create_function() is deprecated in /var/www/html/wp-content/plugins/contact-form-7/modules/hidden.php on line 1
[09-Mar-2021 13:11:30 UTC] PHP Deprecated:  Function create_function() is deprecated in /var/www/html/wp-content/plugins/contact-form-7/modules/submit.php on line 1
[09-Mar-2021 13:11:32 UTC] PHP Deprecated:  Function create_function() is deprecated in /var/www/html/wp-content/plugins/seo-by-rank-math/vendor/cmb2/cmb2/includes/helper-functions.php on line 1
[09-Mar-2021 13:11:32 UTC] PHP Notice:  Undefined index: error_message in /var/www/html/wp-content/themes/sontara/header.php on line 43
[09-Mar-2021 13:12:46 UTC] PHP Deprecated:  Function create_function() is deprecated in /var/www/html/wp-includes/class-wp-ajax-response.php on line 1
[09-Mar-2021 13:12:46 UTC] PHP Deprecated:  Function create_function() is deprecated in /var/www/html/wp-includes/capabilities.php on line 1
[09-Mar-2021 13:12:46 UTC] PHP Deprecated:  Function create_function() is deprecated in /var/www/html/wp-includes/class-wp-metadata-lazyloader.php on line 1
[09-Mar-2021 13:12:46 UTC] PHP Deprecated:  Function create_function() is deprecated in /var/www/html/wp-includes/class-requests.php on line 1
[09-Mar-2021 13:12:46 UTC] PHP Deprecated:  Function create_function() is deprecated in /var/www/html/wp-includes/rest-api/endpoints/class-wp-rest-posts-controller.php on line 1
[09-Mar-2021 13:12:46 UTC] PHP Deprecated:  Function create_function() is deprecated in /var/www/html/wp-includes/sitemaps/class-wp-sitemaps-stylesheet.php on line 1
[09-Mar-2021 13:12:46 UTC] PHP Deprecated:  Function create_function() is deprecated in /var/www/html/wp-includes/blocks/latest-comments.php on line 1
[09-Mar-2021 13:12:46 UTC] PHP Deprecated:  Function create_function() is deprecated in /var/www/html/wp-includes/class-wp-ajax-response.php on line 1
[09-Mar-2021 13:12:46 UTC] PHP Deprecated:  Function create_function() is deprecated in /var/www/html/wp-includes/capabilities.php on line 1
[09-Mar-2021 13:12:46 UTC] PHP Deprecated:  Function create_function() is deprecated in /var/www/html/wp-includes/class-wp-metadata-lazyloader.php on line 1
[09-Mar-2021 13:12:46 UTC] PHP Deprecated:  Function create_function() is deprecated in /var/www/html/wp-includes/class-requests.php on line 1
[09-Mar-2021 13:12:46 UTC] PHP Deprecated:  Function create_function() is deprecated in /var/www/html/wp-includes/rest-api/endpoints/class-wp-rest-posts-controller.php on line 1
[09-Mar-2021 13:12:46 UTC] PHP Deprecated:  Function create_function() is deprecated in /var/www/html/wp-includes/sitemaps/class-wp-sitemaps-stylesheet.php on line 1
[09-Mar-2021 13:12:46 UTC] PHP Deprecated:  Function create_function() is deprecated in /var/www/html/wp-includes/blocks/latest-comments.php on line 1
[09-Mar-2021 13:12:46 UTC] PHP Deprecated:  Function create_function() is deprecated in /var/www/html/wp-content/plugins/contact-form-7/includes/integration.php on line 1
[09-Mar-2021 13:12:46 UTC] PHP Deprecated:  Function create_function() is deprecated in /var/www/html/wp-content/plugins/stop-wp-emails-going-to-spam/includes/vendor/freemius/wordpress-sdk/includes/entities/class-fs-plugin.php on line 1
[09-Mar-2021 13:12:46 UTC] PHP Deprecated:  Function create_function() is deprecated in /var/www/html/wp-content/plugins/stop-wp-emails-going-to-spam/includes/vendor/freemius/wordpress-sdk/includes/entities/class-fs-pricing.php on line 1
[09-Mar-2021 13:12:46 UTC] PHP Deprecated:  Function create_function() is deprecated in /var/www/html/wp-content/plugins/stop-wp-emails-going-to-spam/includes/vendor/freemius/wordpress-sdk/includes/entities/class-fs-plugin-license.php on line 1
[09-Mar-2021 13:12:46 UTC] PHP Deprecated:  Function create_function() is deprecated in /var/www/html/wp-content/plugins/contact-form-7/includes/integration.php on line 1
[09-Mar-2021 13:12:46 UTC] PHP Deprecated:  Function create_function() is deprecated in /var/www/html/wp-content/plugins/stop-wp-emails-going-to-spam/includes/vendor/freemius/wordpress-sdk/includes/entities/class-fs-plugin.php on line 1
[09-Mar-2021 13:12:46 UTC] PHP Deprecated:  Function create_function() is deprecated in /var/www/html/wp-content/plugins/stop-wp-emails-going-to-spam/includes/vendor/freemius/wordpress-sdk/includes/entities/class-fs-pricing.php on line 1
[09-Mar-2021 13:12:46 UTC] PHP Deprecated:  Function create_function() is deprecated in /var/www/html/wp-content/plugins/stop-wp-emails-going-to-spam/includes/vendor/freemius/wordpress-sdk/includes/entities/class-fs-plugin-license.php on line 1
[09-Mar-2021 13:12:46 UTC] PHP Deprecated:  Function create_function() is deprecated in /var/www/html/wp-includes/widgets/class-wp-widget-meta.php on line 1
[09-Mar-2021 13:12:46 UTC] PHP Deprecated:  Function create_function() is deprecated in /var/www/html/wp-includes/widgets/class-wp-widget-rss.php on line 1
[09-Mar-2021 13:12:46 UTC] PHP Deprecated:  Function create_function() is deprecated in /var/www/html/wp-includes/widgets/class-wp-widget-meta.php on line 1
[09-Mar-2021 13:12:46 UTC] PHP Deprecated:  Function create_function() is deprecated in /var/www/html/wp-includes/widgets/class-wp-widget-rss.php on line 1
[09-Mar-2021 13:12:46 UTC] PHP Deprecated:  Function create_function() is deprecated in /var/www/html/wp-content/plugins/contact-form-7/modules/hidden.php on line 1
[09-Mar-2021 13:12:46 UTC] PHP Deprecated:  Function create_function() is deprecated in /var/www/html/wp-content/plugins/contact-form-7/modules/submit.php on line 1
[09-Mar-2021 13:12:46 UTC] PHP Deprecated:  Function create_function() is deprecated in /var/www/html/wp-content/plugins/contact-form-7/modules/hidden.php on line 1
[09-Mar-2021 13:12:46 UTC] PHP Deprecated:  Function create_function() is deprecated in /var/www/html/wp-content/plugins/contact-form-7/modules/submit.php on line 1
[09-Mar-2021 13:12:47 UTC] PHP Deprecated:  Function create_function() is deprecated in /var/www/html/wp-content/plugins/seo-by-rank-math/vendor/cmb2/cmb2/includes/helper-functions.php on line 1
[09-Mar-2021 13:12:47 UTC] PHP Deprecated:  Function create_function() is deprecated in /var/www/html/wp-content/plugins/seo-by-rank-math/vendor/cmb2/cmb2/includes/helper-functions.php on line 1
[09-Mar-2021 13:12:47 UTC] PHP Warning:  call_user_func_array() expects parameter 1 to be a valid callback, function 'wptexturize' not found or invalid function name in /var/www/html/wp-includes/class-wp-hook.php on line 289
[09-Mar-2021 13:12:47 UTC] PHP Notice:  Undefined index: error_message in /var/www/html/wp-content/themes/sontara/header.php on line 43
[09-Mar-2021 13:12:47 UTC] PHP Warning:  call_user_func_array() expects parameter 1 to be a valid callback, function 'wptexturize' not found or invalid function name in /var/www/html/wp-includes/class-wp-hook.php on line 289
[09-Mar-2021 13:12:47 UTC] PHP Warning:  call_user_func_array() expects parameter 1 to be a valid callback, function 'wptexturize' not found or invalid function name in /var/www/html/wp-includes/class-wp-hook.php on line 289
[09-Mar-2021 13:12:47 UTC] PHP Notice:  Undefined index: error_message in /var/www/html/wp-content/themes/sontara/header.php on line 43
[09-Mar-2021 13:12:55 UTC] PHP Deprecated:  Function create_function() is deprecated in /var/www/html/wp-includes/class-wp-ajax-response.php on line 1
[09-Mar-2021 13:12:55 UTC] PHP Deprecated:  Function create_function() is deprecated in /var/www/html/wp-includes/capabilities.php on line 1
[09-Mar-2021 13:12:55 UTC] PHP Deprecated:  Function create_function() is deprecated in /var/www/html/wp-includes/class-wp-metadata-lazyloader.php on line 1
[09-Mar-2021 13:12:55 UTC] PHP Deprecated:  Function create_function() is deprecated in /var/www/html/wp-includes/class-requests.php on line 1
[09-Mar-2021 13:12:55 UTC] PHP Deprecated:  Function create_function() is deprecated in /var/www/html/wp-includes/rest-api/endpoints/class-wp-rest-posts-controller.php on line 1
[09-Mar-2021 13:12:55 UTC] PHP Deprecated:  Function create_function() is deprecated in /var/www/html/wp-includes/sitemaps/class-wp-sitemaps-stylesheet.php on line 1
[09-Mar-2021 13:12:55 UTC] PHP Deprecated:  Function create_function() is deprecated in /var/www/html/wp-includes/blocks/latest-comments.php on line 1
[09-Mar-2021 13:12:55 UTC] PHP Deprecated:  Function create_function() is deprecated in /var/www/html/wp-content/plugins/contact-form-7/includes/integration.php on line 1
[09-Mar-2021 13:12:55 UTC] PHP Deprecated:  Function create_function() is deprecated in /var/www/html/wp-content/plugins/stop-wp-emails-going-to-spam/includes/vendor/freemius/wordpress-sdk/includes/entities/class-fs-plugin.php on line 1
[09-Mar-2021 13:12:55 UTC] PHP Deprecated:  Function create_function() is deprecated in /var/www/html/wp-content/plugins/stop-wp-emails-going-to-spam/includes/vendor/freemius/wordpress-sdk/includes/entities/class-fs-pricing.php on line 1
[09-Mar-2021 13:12:55 UTC] PHP Deprecated:  Function create_function() is deprecated in /var/www/html/wp-content/plugins/stop-wp-emails-going-to-spam/includes/vendor/freemius/wordpress-sdk/includes/entities/class-fs-plugin-license.php on line 1
[09-Mar-2021 13:12:55 UTC] PHP Deprecated:  Function create_function() is deprecated in /var/www/html/wp-includes/widgets/class-wp-widget-meta.php on line 1
[09-Mar-2021 13:12:55 UTC] PHP Deprecated:  Function create_function() is deprecated in /var/www/html/wp-includes/widgets/class-wp-widget-rss.php on line 1
[09-Mar-2021 13:12:55 UTC] PHP Deprecated:  Function create_function() is deprecated in /var/www/html/wp-content/plugins/contact-form-7/modules/hidden.php on line 1
[09-Mar-2021 13:12:55 UTC] PHP Deprecated:  Function create_function() is deprecated in /var/www/html/wp-content/plugins/contact-form-7/modules/submit.php on line 1
[09-Mar-2021 13:12:55 UTC] PHP Deprecated:  Function create_function() is deprecated in /var/www/html/wp-content/plugins/seo-by-rank-math/vendor/cmb2/cmb2/includes/helper-functions.php on line 1
[09-Mar-2021 13:12:55 UTC] PHP Warning:  call_user_func_array() expects parameter 1 to be a valid callback, function 'wptexturize' not found or invalid function name in /var/www/html/wp-includes/class-wp-hook.php on line 289
[09-Mar-2021 13:12:55 UTC] PHP Notice:  Undefined index: error_message in /var/www/html/wp-content/themes/sontara/header.php on line 43
[09-Mar-2021 13:13:09 UTC] PHP Deprecated:  Function create_function() is deprecated in /var/www/html/wp-includes/class-wp-ajax-response.php on line 1
[09-Mar-2021 13:13:09 UTC] PHP Deprecated:  Function create_function() is deprecated in /var/www/html/wp-includes/capabilities.php on line 1
[09-Mar-2021 13:13:09 UTC] PHP Deprecated:  Function create_function() is deprecated in /var/www/html/wp-includes/class-wp-metadata-lazyloader.php on line 1
[09-Mar-2021 13:13:09 UTC] PHP Deprecated:  Function create_function() is deprecated in /var/www/html/wp-includes/class-requests.php on line 1
[09-Mar-2021 13:13:09 UTC] PHP Deprecated:  Function create_function() is deprecated in /var/www/html/wp-includes/rest-api/endpoints/class-wp-rest-posts-controller.php on line 1
[09-Mar-2021 13:13:09 UTC] PHP Deprecated:  Function create_function() is deprecated in /var/www/html/wp-includes/sitemaps/class-wp-sitemaps-stylesheet.php on line 1
[09-Mar-2021 13:13:09 UTC] PHP Deprecated:  Function create_function() is deprecated in /var/www/html/wp-includes/blocks/latest-comments.php on line 1
[09-Mar-2021 13:13:09 UTC] PHP Deprecated:  Function create_function() is deprecated in /var/www/html/wp-content/plugins/contact-form-7/includes/integration.php on line 1
[09-Mar-2021 13:13:09 UTC] PHP Deprecated:  Function create_function() is deprecated in /var/www/html/wp-content/plugins/stop-wp-emails-going-to-spam/includes/vendor/freemius/wordpress-sdk/includes/entities/class-fs-plugin.php on line 1
[09-Mar-2021 13:13:09 UTC] PHP Deprecated:  Function create_function() is deprecated in /var/www/html/wp-content/plugins/stop-wp-emails-going-to-spam/includes/vendor/freemius/wordpress-sdk/includes/entities/class-fs-pricing.php on line 1
[09-Mar-2021 13:13:09 UTC] PHP Deprecated:  Function create_function() is deprecated in /var/www/html/wp-content/plugins/stop-wp-emails-going-to-spam/includes/vendor/freemius/wordpress-sdk/includes/entities/class-fs-plugin-license.php on line 1
[09-Mar-2021 13:13:09 UTC] PHP Deprecated:  Function create_function() is deprecated in /var/www/html/wp-includes/widgets/class-wp-widget-meta.php on line 1
[09-Mar-2021 13:13:09 UTC] PHP Deprecated:  Function create_function() is deprecated in /var/www/html/wp-includes/widgets/class-wp-widget-rss.php on line 1
[09-Mar-2021 13:13:09 UTC] PHP Deprecated:  Function create_function() is deprecated in /var/www/html/wp-content/plugins/contact-form-7/modules/hidden.php on line 1
[09-Mar-2021 13:13:09 UTC] PHP Deprecated:  Function create_function() is deprecated in /var/www/html/wp-content/plugins/contact-form-7/modules/submit.php on line 1
[09-Mar-2021 13:13:09 UTC] PHP Deprecated:  Function create_function() is deprecated in /var/www/html/wp-content/plugins/seo-by-rank-math/vendor/cmb2/cmb2/includes/helper-functions.php on line 1
[09-Mar-2021 13:13:09 UTC] PHP Warning:  call_user_func_array() expects parameter 1 to be a valid callback, function 'wptexturize' not found or invalid function name in /var/www/html/wp-includes/class-wp-hook.php on line 289
[09-Mar-2021 13:13:09 UTC] PHP Notice:  Undefined index: error_message in /var/www/html/wp-content/themes/sontara/header.php on line 43
[09-Mar-2021 13:13:34 UTC] PHP Deprecated:  Function create_function() is deprecated in /var/www/html/wp-includes/class-wp-ajax-response.php on line 1
[09-Mar-2021 13:13:34 UTC] PHP Deprecated:  Function create_function() is deprecated in /var/www/html/wp-includes/capabilities.php on line 1
[09-Mar-2021 13:13:34 UTC] PHP Deprecated:  Function create_function() is deprecated in /var/www/html/wp-includes/class-wp-metadata-lazyloader.php on line 1
[09-Mar-2021 13:13:34 UTC] PHP Deprecated:  Function create_function() is deprecated in /var/www/html/wp-includes/class-requests.php on line 1
[09-Mar-2021 13:13:34 UTC] PHP Deprecated:  Function create_function() is deprecated in /var/www/html/wp-includes/rest-api/endpoints/class-wp-rest-posts-controller.php on line 1
[09-Mar-2021 13:13:34 UTC] PHP Deprecated:  Function create_function() is deprecated in /var/www/html/wp-includes/sitemaps/class-wp-sitemaps-stylesheet.php on line 1
[09-Mar-2021 13:13:34 UTC] PHP Deprecated:  Function create_function() is deprecated in /var/www/html/wp-includes/blocks/latest-comments.php on line 1
[09-Mar-2021 13:13:34 UTC] PHP Deprecated:  Function create_function() is deprecated in /var/www/html/wp-content/plugins/contact-form-7/includes/integration.php on line 1
[09-Mar-2021 13:13:34 UTC] PHP Deprecated:  Function create_function() is deprecated in /var/www/html/wp-content/plugins/stop-wp-emails-going-to-spam/includes/vendor/freemius/wordpress-sdk/includes/entities/class-fs-plugin.php on line 1
[09-Mar-2021 13:13:34 UTC] PHP Deprecated:  Function create_function() is deprecated in /var/www/html/wp-content/plugins/stop-wp-emails-going-to-spam/includes/vendor/freemius/wordpress-sdk/includes/entities/class-fs-pricing.php on line 1
[09-Mar-2021 13:13:34 UTC] PHP Deprecated:  Function create_function() is deprecated in /var/www/html/wp-content/plugins/stop-wp-emails-going-to-spam/includes/vendor/freemius/wordpress-sdk/includes/entities/class-fs-plugin-license.php on line 1
[09-Mar-2021 13:13:34 UTC] PHP Deprecated:  Function create_function() is deprecated in /var/www/html/wp-includes/widgets/class-wp-widget-meta.php on line 1
[09-Mar-2021 13:13:34 UTC] PHP Deprecated:  Function create_function() is deprecated in /var/www/html/wp-includes/widgets/class-wp-widget-rss.php on line 1
[09-Mar-2021 13:13:34 UTC] PHP Deprecated:  Function create_function() is deprecated in /var/www/html/wp-content/plugins/contact-form-7/modules/hidden.php on line 1
[09-Mar-2021 13:13:34 UTC] PHP Deprecated:  Function create_function() is deprecated in /var/www/html/wp-content/plugins/contact-form-7/modules/submit.php on line 1
[09-Mar-2021 13:13:35 UTC] PHP Deprecated:  Function create_function() is deprecated in /var/www/html/wp-content/plugins/seo-by-rank-math/vendor/cmb2/cmb2/includes/helper-functions.php on line 1
[09-Mar-2021 13:13:53 UTC] PHP Deprecated:  Function create_function() is deprecated in /var/www/html/wp-includes/class-wp-ajax-response.php on line 1
[09-Mar-2021 13:13:53 UTC] PHP Deprecated:  Function create_function() is deprecated in /var/www/html/wp-includes/capabilities.php on line 1
[09-Mar-2021 13:13:53 UTC] PHP Deprecated:  Function create_function() is deprecated in /var/www/html/wp-includes/class-wp-metadata-lazyloader.php on line 1
[09-Mar-2021 13:13:53 UTC] PHP Deprecated:  Function create_function() is deprecated in /var/www/html/wp-includes/class-requests.php on line 1
[09-Mar-2021 13:13:53 UTC] PHP Deprecated:  Function create_function() is deprecated in /var/www/html/wp-includes/rest-api/endpoints/class-wp-rest-posts-controller.php on line 1
[09-Mar-2021 13:13:53 UTC] PHP Deprecated:  Function create_function() is deprecated in /var/www/html/wp-includes/sitemaps/class-wp-sitemaps-stylesheet.php on line 1
[09-Mar-2021 13:13:53 UTC] PHP Deprecated:  Function create_function() is deprecated in /var/www/html/wp-includes/blocks/latest-comments.php on line 1
[09-Mar-2021 13:13:53 UTC] PHP Deprecated:  Function create_function() is deprecated in /var/www/html/wp-content/plugins/contact-form-7/includes/integration.php on line 1
[09-Mar-2021 13:13:53 UTC] PHP Deprecated:  Function create_function() is deprecated in /var/www/html/wp-content/plugins/stop-wp-emails-going-to-spam/includes/vendor/freemius/wordpress-sdk/includes/entities/class-fs-plugin.php on line 1
[09-Mar-2021 13:13:53 UTC] PHP Deprecated:  Function create_function() is deprecated in /var/www/html/wp-content/plugins/stop-wp-emails-going-to-spam/includes/vendor/freemius/wordpress-sdk/includes/entities/class-fs-pricing.php on line 1
[09-Mar-2021 13:13:53 UTC] PHP Deprecated:  Function create_function() is deprecated in /var/www/html/wp-content/plugins/stop-wp-emails-going-to-spam/includes/vendor/freemius/wordpress-sdk/includes/entities/class-fs-plugin-license.php on line 1
[09-Mar-2021 13:13:53 UTC] PHP Deprecated:  Function create_function() is deprecated in /var/www/html/wp-includes/widgets/class-wp-widget-meta.php on line 1
[09-Mar-2021 13:13:53 UTC] PHP Deprecated:  Function create_function() is deprecated in /var/www/html/wp-includes/widgets/class-wp-widget-rss.php on line 1
[09-Mar-2021 13:13:53 UTC] PHP Deprecated:  Function create_function() is deprecated in /var/www/html/wp-content/plugins/contact-form-7/modules/hidden.php on line 1
[09-Mar-2021 13:13:53 UTC] PHP Deprecated:  Function create_function() is deprecated in /var/www/html/wp-content/plugins/contact-form-7/modules/submit.php on line 1
[09-Mar-2021 13:13:54 UTC] PHP Deprecated:  Function create_function() is deprecated in /var/www/html/wp-content/plugins/seo-by-rank-math/vendor/cmb2/cmb2/includes/helper-functions.php on line 1
[09-Mar-2021 13:13:54 UTC] PHP Deprecated:  Function create_function() is deprecated in /var/www/html/wp-content/plugins/seo-by-rank-math/includes/settings/titles/global.php on line 1
[09-Mar-2021 13:13:54 UTC] PHP Warning:  call_user_func_array() expects parameter 1 to be a valid callback, function 'wptexturize' not found or invalid function name in /var/www/html/wp-includes/class-wp-hook.php on line 289
[09-Mar-2021 13:13:54 UTC] PHP Deprecated:  Function create_function() is deprecated in /var/www/html/wp-content/plugins/seo-by-rank-math/includes/settings/titles/author.php on line 1
[09-Mar-2021 13:13:54 UTC] PHP Deprecated:  Function create_function() is deprecated in /var/www/html/wp-content/plugins/seo-by-rank-math/includes/modules/sitemap/settings/taxonomies.php on line 1
[09-Mar-2021 13:13:54 UTC] PHP Deprecated:  Function create_function() is deprecated in /var/www/html/wp-content/plugins/seo-by-rank-math/includes/modules/sitemap/settings/taxonomies.php on line 1
[09-Mar-2021 13:13:54 UTC] PHP Deprecated:  Function create_function() is deprecated in /var/www/html/wp-admin/includes/import.php on line 1
[09-Mar-2021 13:13:54 UTC] PHP Deprecated:  Function create_function() is deprecated in /var/www/html/wp-admin/includes/update.php on line 1
[09-Mar-2021 13:13:54 UTC] PHP Warning:  Cannot modify header information - headers already sent by (output started at /var/www/html/wp-admin/includes/update.php:1) in /var/www/html/wp-includes/functions.php on line 6274
[09-Mar-2021 13:13:54 UTC] PHP Warning:  Cannot modify header information - headers already sent by (output started at /var/www/html/wp-admin/includes/update.php:1) in /var/www/html/wp-admin/includes/misc.php on line 1310
[09-Mar-2021 13:13:54 UTC] PHP Warning:  Cannot modify header information - headers already sent by (output started at /var/www/html/wp-admin/includes/update.php:1) in /var/www/html/wp-admin/admin-header.php on line 9
[09-Mar-2021 13:13:54 UTC] PHP Warning:  call_user_func_array() expects parameter 1 to be a valid callback, function 'wptexturize' not found or invalid function name in /var/www/html/wp-includes/class-wp-hook.php on line 289
[09-Mar-2021 13:13:54 UTC] PHP Fatal error:  Uncaught Error: Call to undefined function wptexturize() in /var/www/html/wp-admin/menu-header.php:141
Stack trace:
#0 /var/www/html/wp-admin/menu-header.php(295): _wp_menu_output()
#1 /var/www/html/wp-admin/admin-header.php(247): require('/var/www/html/w...')
#2 /var/www/html/wp-admin/index.php(111): require_once('/var/www/html/w...')
#3 {main}
  thrown in /var/www/html/wp-admin/menu-header.php on line 141
[09-Mar-2021 13:13:54 UTC] PHP Deprecated:  Function create_function() is deprecated in /var/www/html/wp-includes/class-wp-ajax-response.php on line 1
[09-Mar-2021 13:13:54 UTC] PHP Deprecated:  Function create_function() is deprecated in /var/www/html/wp-includes/capabilities.php on line 1
[09-Mar-2021 13:13:54 UTC] PHP Deprecated:  Function create_function() is deprecated in /var/www/html/wp-includes/class-wp-metadata-lazyloader.php on line 1
[09-Mar-2021 13:13:54 UTC] PHP Deprecated:  Function create_function() is deprecated in /var/www/html/wp-includes/class-requests.php on line 1
[09-Mar-2021 13:13:54 UTC] PHP Deprecated:  Function create_function() is deprecated in /var/www/html/wp-includes/rest-api/endpoints/class-wp-rest-posts-controller.php on line 1
[09-Mar-2021 13:13:54 UTC] PHP Deprecated:  Function create_function() is deprecated in /var/www/html/wp-includes/sitemaps/class-wp-sitemaps-stylesheet.php on line 1
[09-Mar-2021 13:13:54 UTC] PHP Deprecated:  Function create_function() is deprecated in /var/www/html/wp-includes/blocks/latest-comments.php on line 1
[09-Mar-2021 13:13:54 UTC] PHP Deprecated:  Function create_function() is deprecated in /var/www/html/wp-content/plugins/contact-form-7/includes/integration.php on line 1
[09-Mar-2021 13:13:54 UTC] PHP Deprecated:  Function create_function() is deprecated in /var/www/html/wp-content/plugins/stop-wp-emails-going-to-spam/includes/vendor/freemius/wordpress-sdk/includes/entities/class-fs-plugin.php on line 1
[09-Mar-2021 13:13:54 UTC] PHP Deprecated:  Function create_function() is deprecated in /var/www/html/wp-content/plugins/stop-wp-emails-going-to-spam/includes/vendor/freemius/wordpress-sdk/includes/entities/class-fs-pricing.php on line 1
[09-Mar-2021 13:13:54 UTC] PHP Deprecated:  Function create_function() is deprecated in /var/www/html/wp-content/plugins/stop-wp-emails-going-to-spam/includes/vendor/freemius/wordpress-sdk/includes/entities/class-fs-plugin-license.php on line 1
[09-Mar-2021 13:13:54 UTC] PHP Deprecated:  Function create_function() is deprecated in /var/www/html/wp-includes/widgets/class-wp-widget-meta.php on line 1
[09-Mar-2021 13:13:54 UTC] PHP Deprecated:  Function create_function() is deprecated in /var/www/html/wp-includes/widgets/class-wp-widget-rss.php on line 1
[09-Mar-2021 13:13:54 UTC] PHP Deprecated:  Function create_function() is deprecated in /var/www/html/wp-content/plugins/contact-form-7/modules/hidden.php on line 1
[09-Mar-2021 13:13:54 UTC] PHP Deprecated:  Function create_function() is deprecated in /var/www/html/wp-content/plugins/contact-form-7/modules/submit.php on line 1
[09-Mar-2021 13:13:54 UTC] PHP Deprecated:  Function create_function() is deprecated in /var/www/html/wp-content/plugins/seo-by-rank-math/vendor/cmb2/cmb2/includes/helper-functions.php on line 1
[09-Mar-2021 13:14:06 UTC] PHP Deprecated:  Function create_function() is deprecated in /var/www/html/wp-includes/class-wp-ajax-response.php on line 1
[09-Mar-2021 13:14:06 UTC] PHP Deprecated:  Function create_function() is deprecated in /var/www/html/wp-includes/capabilities.php on line 1
[09-Mar-2021 13:14:06 UTC] PHP Deprecated:  Function create_function() is deprecated in /var/www/html/wp-includes/class-wp-metadata-lazyloader.php on line 1
[09-Mar-2021 13:14:06 UTC] PHP Deprecated:  Function create_function() is deprecated in /var/www/html/wp-includes/class-requests.php on line 1
[09-Mar-2021 13:14:06 UTC] PHP Deprecated:  Function create_function() is deprecated in /var/www/html/wp-includes/rest-api/endpoints/class-wp-rest-posts-controller.php on line 1
[09-Mar-2021 13:14:06 UTC] PHP Deprecated:  Function create_function() is deprecated in /var/www/html/wp-includes/sitemaps/class-wp-sitemaps-stylesheet.php on line 1
[09-Mar-2021 13:14:06 UTC] PHP Deprecated:  Function create_function() is deprecated in /var/www/html/wp-includes/blocks/latest-comments.php on line 1
[09-Mar-2021 13:14:06 UTC] PHP Deprecated:  Function create_function() is deprecated in /var/www/html/wp-content/plugins/contact-form-7/includes/integration.php on line 1
[09-Mar-2021 13:14:06 UTC] PHP Deprecated:  Function create_function() is deprecated in /var/www/html/wp-content/plugins/stop-wp-emails-going-to-spam/includes/vendor/freemius/wordpress-sdk/includes/entities/class-fs-plugin.php on line 1
[09-Mar-2021 13:14:06 UTC] PHP Deprecated:  Function create_function() is deprecated in /var/www/html/wp-content/plugins/stop-wp-emails-going-to-spam/includes/vendor/freemius/wordpress-sdk/includes/entities/class-fs-pricing.php on line 1
[09-Mar-2021 13:14:06 UTC] PHP Deprecated:  Function create_function() is deprecated in /var/www/html/wp-content/plugins/stop-wp-emails-going-to-spam/includes/vendor/freemius/wordpress-sdk/includes/entities/class-fs-plugin-license.php on line 1
[09-Mar-2021 13:14:06 UTC] PHP Deprecated:  Function create_function() is deprecated in /var/www/html/wp-includes/widgets/class-wp-widget-meta.php on line 1
[09-Mar-2021 13:14:06 UTC] PHP Deprecated:  Function create_function() is deprecated in /var/www/html/wp-includes/widgets/class-wp-widget-rss.php on line 1
[09-Mar-2021 13:14:06 UTC] PHP Deprecated:  Function create_function() is deprecated in /var/www/html/wp-content/plugins/contact-form-7/modules/hidden.php on line 1
[09-Mar-2021 13:14:06 UTC] PHP Deprecated:  Function create_function() is deprecated in /var/www/html/wp-content/plugins/contact-form-7/modules/submit.php on line 1
[09-Mar-2021 13:14:06 UTC] PHP Deprecated:  Function create_function() is deprecated in /var/www/html/wp-content/plugins/seo-by-rank-math/vendor/cmb2/cmb2/includes/helper-functions.php on line 1
[09-Mar-2021 13:14:06 UTC] PHP Warning:  call_user_func_array() expects parameter 1 to be a valid callback, function 'wptexturize' not found or invalid function name in /var/www/html/wp-includes/class-wp-hook.php on line 289
[09-Mar-2021 13:14:06 UTC] PHP Warning:  call_user_func_array() expects parameter 1 to be a valid callback, function 'wptexturize' not found or invalid function name in /var/www/html/wp-includes/class-wp-hook.php on line 289
[09-Mar-2021 13:14:06 UTC] PHP Notice:  Undefined index: error_message in /var/www/html/wp-content/themes/sontara/header.php on line 43
[09-Mar-2021 14:49:03 UTC] PHP Deprecated:  Function create_function() is deprecated in /var/www/html/wp-includes/class-wp-ajax-response.php on line 1
[09-Mar-2021 14:49:03 UTC] PHP Deprecated:  Function create_function() is deprecated in /var/www/html/wp-includes/capabilities.php on line 1
[09-Mar-2021 14:49:03 UTC] PHP Deprecated:  Function create_function() is deprecated in /var/www/html/wp-includes/class-wp-metadata-lazyloader.php on line 1
[09-Mar-2021 14:49:03 UTC] PHP Deprecated:  Function create_function() is deprecated in /var/www/html/wp-includes/class-requests.php on line 1
[09-Mar-2021 14:49:03 UTC] PHP Deprecated:  Function create_function() is deprecated in /var/www/html/wp-includes/rest-api/endpoints/class-wp-rest-posts-controller.php on line 1
[09-Mar-2021 14:49:03 UTC] PHP Deprecated:  Function create_function() is deprecated in /var/www/html/wp-includes/sitemaps/class-wp-sitemaps-stylesheet.php on line 1
[09-Mar-2021 14:49:03 UTC] PHP Deprecated:  Function create_function() is deprecated in /var/www/html/wp-includes/blocks/latest-comments.php on line 1
[09-Mar-2021 14:49:03 UTC] PHP Deprecated:  Function create_function() is deprecated in /var/www/html/wp-content/plugins/contact-form-7/includes/integration.php on line 1
[09-Mar-2021 14:49:03 UTC] PHP Deprecated:  Function create_function() is deprecated in /var/www/html/wp-content/plugins/stop-wp-emails-going-to-spam/includes/vendor/freemius/wordpress-sdk/includes/entities/class-fs-plugin.php on line 1
[09-Mar-2021 14:49:03 UTC] PHP Deprecated:  Function create_function() is deprecated in /var/www/html/wp-content/plugins/stop-wp-emails-going-to-spam/includes/vendor/freemius/wordpress-sdk/includes/entities/class-fs-pricing.php on line 1
[09-Mar-2021 14:49:03 UTC] PHP Deprecated:  Function create_function() is deprecated in /var/www/html/wp-content/plugins/stop-wp-emails-going-to-spam/includes/vendor/freemius/wordpress-sdk/includes/entities/class-fs-plugin-license.php on line 1
[09-Mar-2021 14:49:03 UTC] PHP Deprecated:  Function create_function() is deprecated in /var/www/html/wp-includes/widgets/class-wp-widget-meta.php on line 1
[09-Mar-2021 14:49:03 UTC] PHP Deprecated:  Function create_function() is deprecated in /var/www/html/wp-includes/widgets/class-wp-widget-rss.php on line 1
[09-Mar-2021 14:49:03 UTC] PHP Deprecated:  Function create_function() is deprecated in /var/www/html/wp-content/plugins/contact-form-7/modules/hidden.php on line 1
[09-Mar-2021 14:49:03 UTC] PHP Deprecated:  Function create_function() is deprecated in /var/www/html/wp-content/plugins/contact-form-7/modules/submit.php on line 1
[09-Mar-2021 14:49:04 UTC] PHP Deprecated:  Function create_function() is deprecated in /var/www/html/wp-content/plugins/seo-by-rank-math/vendor/cmb2/cmb2/includes/helper-functions.php on line 1
[09-Mar-2021 14:49:04 UTC] PHP Deprecated:  Function create_function() is deprecated in /var/www/html/wp-content/plugins/seo-by-rank-math/includes/settings/titles/global.php on line 1
[09-Mar-2021 14:49:04 UTC] PHP Warning:  call_user_func_array() expects parameter 1 to be a valid callback, function 'wptexturize' not found or invalid function name in /var/www/html/wp-includes/class-wp-hook.php on line 289
[09-Mar-2021 14:49:04 UTC] PHP Deprecated:  Function create_function() is deprecated in /var/www/html/wp-content/plugins/seo-by-rank-math/includes/settings/titles/author.php on line 1
[09-Mar-2021 14:49:04 UTC] PHP Deprecated:  Function create_function() is deprecated in /var/www/html/wp-content/plugins/seo-by-rank-math/includes/modules/sitemap/settings/taxonomies.php on line 1
[09-Mar-2021 14:49:04 UTC] PHP Deprecated:  Function create_function() is deprecated in /var/www/html/wp-content/plugins/seo-by-rank-math/includes/modules/sitemap/settings/taxonomies.php on line 1
[09-Mar-2021 14:49:04 UTC] PHP Deprecated:  Function create_function() is deprecated in /var/www/html/wp-admin/includes/import.php on line 1
[09-Mar-2021 14:49:04 UTC] PHP Deprecated:  Function create_function() is deprecated in /var/www/html/wp-admin/includes/update.php on line 1
[09-Mar-2021 14:49:04 UTC] PHP Warning:  Cannot modify header information - headers already sent by (output started at /var/www/html/wp-admin/includes/update.php:1) in /var/www/html/wp-includes/functions.php on line 6274
[09-Mar-2021 14:49:04 UTC] PHP Warning:  Cannot modify header information - headers already sent by (output started at /var/www/html/wp-admin/includes/update.php:1) in /var/www/html/wp-admin/includes/misc.php on line 1310
[09-Mar-2021 14:49:04 UTC] PHP Warning:  Cannot modify header information - headers already sent by (output started at /var/www/html/wp-admin/includes/update.php:1) in /var/www/html/wp-admin/admin-header.php on line 9
[09-Mar-2021 14:49:04 UTC] PHP Warning:  call_user_func_array() expects parameter 1 to be a valid callback, function 'wptexturize' not found or invalid function name in /var/www/html/wp-includes/class-wp-hook.php on line 289
[09-Mar-2021 14:49:04 UTC] PHP Fatal error:  Uncaught Error: Call to undefined function wptexturize() in /var/www/html/wp-admin/menu-header.php:141
Stack trace:
#0 /var/www/html/wp-admin/menu-header.php(295): _wp_menu_output()
#1 /var/www/html/wp-admin/admin-header.php(247): require('/var/www/html/w...')
#2 /var/www/html/wp-admin/index.php(111): require_once('/var/www/html/w...')
#3 {main}
  thrown in /var/www/html/wp-admin/menu-header.php on line 141
[09-Mar-2021 14:49:19 UTC] PHP Deprecated:  Function create_function() is deprecated in /var/www/html/wp-includes/class-wp-ajax-response.php on line 1
[09-Mar-2021 14:49:19 UTC] PHP Deprecated:  Function create_function() is deprecated in /var/www/html/wp-includes/capabilities.php on line 1
[09-Mar-2021 14:49:19 UTC] PHP Deprecated:  Function create_function() is deprecated in /var/www/html/wp-includes/class-wp-metadata-lazyloader.php on line 1
[09-Mar-2021 14:49:19 UTC] PHP Deprecated:  Function create_function() is deprecated in /var/www/html/wp-includes/class-requests.php on line 1
[09-Mar-2021 14:49:19 UTC] PHP Deprecated:  Function create_function() is deprecated in /var/www/html/wp-includes/rest-api/endpoints/class-wp-rest-posts-controller.php on line 1
[09-Mar-2021 14:49:19 UTC] PHP Deprecated:  Function create_function() is deprecated in /var/www/html/wp-includes/sitemaps/class-wp-sitemaps-stylesheet.php on line 1
[09-Mar-2021 14:49:19 UTC] PHP Deprecated:  Function create_function() is deprecated in /var/www/html/wp-includes/blocks/latest-comments.php on line 1
[09-Mar-2021 14:49:19 UTC] PHP Deprecated:  Function create_function() is deprecated in /var/www/html/wp-content/plugins/contact-form-7/includes/integration.php on line 1
[09-Mar-2021 14:49:19 UTC] PHP Deprecated:  Function create_function() is deprecated in /var/www/html/wp-content/plugins/stop-wp-emails-going-to-spam/includes/vendor/freemius/wordpress-sdk/includes/entities/class-fs-plugin.php on line 1
[09-Mar-2021 14:49:19 UTC] PHP Deprecated:  Function create_function() is deprecated in /var/www/html/wp-content/plugins/stop-wp-emails-going-to-spam/includes/vendor/freemius/wordpress-sdk/includes/entities/class-fs-pricing.php on line 1
[09-Mar-2021 14:49:19 UTC] PHP Deprecated:  Function create_function() is deprecated in /var/www/html/wp-content/plugins/stop-wp-emails-going-to-spam/includes/vendor/freemius/wordpress-sdk/includes/entities/class-fs-plugin-license.php on line 1
[09-Mar-2021 14:49:19 UTC] PHP Deprecated:  Function create_function() is deprecated in /var/www/html/wp-includes/widgets/class-wp-widget-meta.php on line 1
[09-Mar-2021 14:49:19 UTC] PHP Deprecated:  Function create_function() is deprecated in /var/www/html/wp-includes/widgets/class-wp-widget-rss.php on line 1
[09-Mar-2021 14:49:19 UTC] PHP Deprecated:  Function create_function() is deprecated in /var/www/html/wp-content/plugins/contact-form-7/modules/hidden.php on line 1
[09-Mar-2021 14:49:19 UTC] PHP Deprecated:  Function create_function() is deprecated in /var/www/html/wp-content/plugins/contact-form-7/modules/submit.php on line 1
[09-Mar-2021 14:49:19 UTC] PHP Deprecated:  Function create_function() is deprecated in /var/www/html/wp-content/plugins/seo-by-rank-math/vendor/cmb2/cmb2/includes/helper-functions.php on line 1
[09-Mar-2021 14:49:19 UTC] PHP Warning:  call_user_func_array() expects parameter 1 to be a valid callback, function 'wptexturize' not found or invalid function name in /var/www/html/wp-includes/class-wp-hook.php on line 289
[09-Mar-2021 14:49:19 UTC] PHP Warning:  call_user_func_array() expects parameter 1 to be a valid callback, function 'wptexturize' not found or invalid function name in /var/www/html/wp-includes/class-wp-hook.php on line 289
[09-Mar-2021 14:49:19 UTC] PHP Notice:  Undefined index: error_message in /var/www/html/wp-content/themes/sontara/header.php on line 43
[09-Mar-2021 14:49:21 UTC] PHP Deprecated:  Function create_function() is deprecated in /var/www/html/wp-includes/class-wp-ajax-response.php on line 1
[09-Mar-2021 14:49:21 UTC] PHP Deprecated:  Function create_function() is deprecated in /var/www/html/wp-includes/capabilities.php on line 1
[09-Mar-2021 14:49:21 UTC] PHP Deprecated:  Function create_function() is deprecated in /var/www/html/wp-includes/class-wp-metadata-lazyloader.php on line 1
[09-Mar-2021 14:49:21 UTC] PHP Deprecated:  Function create_function() is deprecated in /var/www/html/wp-includes/class-requests.php on line 1
[09-Mar-2021 14:49:21 UTC] PHP Deprecated:  Function create_function() is deprecated in /var/www/html/wp-includes/rest-api/endpoints/class-wp-rest-posts-controller.php on line 1
[09-Mar-2021 14:49:21 UTC] PHP Deprecated:  Function create_function() is deprecated in /var/www/html/wp-includes/sitemaps/class-wp-sitemaps-stylesheet.php on line 1
[09-Mar-2021 14:49:21 UTC] PHP Deprecated:  Function create_function() is deprecated in /var/www/html/wp-includes/blocks/latest-comments.php on line 1
[09-Mar-2021 14:49:21 UTC] PHP Deprecated:  Function create_function() is deprecated in /var/www/html/wp-content/plugins/contact-form-7/includes/integration.php on line 1
[09-Mar-2021 14:49:21 UTC] PHP Deprecated:  Function create_function() is deprecated in /var/www/html/wp-content/plugins/stop-wp-emails-going-to-spam/includes/vendor/freemius/wordpress-sdk/includes/entities/class-fs-plugin.php on line 1
[09-Mar-2021 14:49:21 UTC] PHP Deprecated:  Function create_function() is deprecated in /var/www/html/wp-content/plugins/stop-wp-emails-going-to-spam/includes/vendor/freemius/wordpress-sdk/includes/entities/class-fs-pricing.php on line 1
[09-Mar-2021 14:49:21 UTC] PHP Deprecated:  Function create_function() is deprecated in /var/www/html/wp-content/plugins/stop-wp-emails-going-to-spam/includes/vendor/freemius/wordpress-sdk/includes/entities/class-fs-plugin-license.php on line 1
[09-Mar-2021 14:49:21 UTC] PHP Deprecated:  Function create_function() is deprecated in /var/www/html/wp-includes/widgets/class-wp-widget-meta.php on line 1
[09-Mar-2021 14:49:21 UTC] PHP Deprecated:  Function create_function() is deprecated in /var/www/html/wp-includes/widgets/class-wp-widget-rss.php on line 1
[09-Mar-2021 14:49:21 UTC] PHP Deprecated:  Function create_function() is deprecated in /var/www/html/wp-content/plugins/contact-form-7/modules/hidden.php on line 1
[09-Mar-2021 14:49:21 UTC] PHP Deprecated:  Function create_function() is deprecated in /var/www/html/wp-content/plugins/contact-form-7/modules/submit.php on line 1
[09-Mar-2021 14:49:21 UTC] PHP Deprecated:  Function create_function() is deprecated in /var/www/html/wp-content/plugins/seo-by-rank-math/vendor/cmb2/cmb2/includes/helper-functions.php on line 1
[09-Mar-2021 14:49:21 UTC] PHP Deprecated:  Function create_function() is deprecated in /var/www/html/wp-content/plugins/seo-by-rank-math/includes/settings/titles/global.php on line 1
[09-Mar-2021 14:49:21 UTC] PHP Warning:  call_user_func_array() expects parameter 1 to be a valid callback, function 'wptexturize' not found or invalid function name in /var/www/html/wp-includes/class-wp-hook.php on line 289
[09-Mar-2021 14:49:21 UTC] PHP Deprecated:  Function create_function() is deprecated in /var/www/html/wp-content/plugins/seo-by-rank-math/includes/settings/titles/author.php on line 1
[09-Mar-2021 14:49:21 UTC] PHP Deprecated:  Function create_function() is deprecated in /var/www/html/wp-content/plugins/seo-by-rank-math/includes/modules/sitemap/settings/taxonomies.php on line 1
[09-Mar-2021 14:49:21 UTC] PHP Deprecated:  Function create_function() is deprecated in /var/www/html/wp-content/plugins/seo-by-rank-math/includes/modules/sitemap/settings/taxonomies.php on line 1
[09-Mar-2021 14:49:21 UTC] PHP Deprecated:  Function create_function() is deprecated in /var/www/html/wp-admin/includes/import.php on line 1
[09-Mar-2021 14:49:21 UTC] PHP Deprecated:  Function create_function() is deprecated in /var/www/html/wp-admin/includes/update.php on line 1
[09-Mar-2021 14:49:21 UTC] PHP Warning:  Cannot modify header information - headers already sent by (output started at /var/www/html/wp-admin/includes/update.php:1) in /var/www/html/wp-includes/functions.php on line 6274
[09-Mar-2021 14:49:21 UTC] PHP Warning:  Cannot modify header information - headers already sent by (output started at /var/www/html/wp-admin/includes/update.php:1) in /var/www/html/wp-admin/includes/misc.php on line 1310
[09-Mar-2021 14:49:21 UTC] PHP Warning:  Cannot modify header information - headers already sent by (output started at /var/www/html/wp-admin/includes/update.php:1) in /var/www/html/wp-admin/admin-header.php on line 9
[09-Mar-2021 14:49:21 UTC] PHP Warning:  call_user_func_array() expects parameter 1 to be a valid callback, function 'wptexturize' not found or invalid function name in /var/www/html/wp-includes/class-wp-hook.php on line 289
[09-Mar-2021 14:49:21 UTC] PHP Fatal error:  Uncaught Error: Call to undefined function wptexturize() in /var/www/html/wp-admin/menu-header.php:141
Stack trace:
#0 /var/www/html/wp-admin/menu-header.php(295): _wp_menu_output()
#1 /var/www/html/wp-admin/admin-header.php(247): require('/var/www/html/w...')
#2 /var/www/html/wp-admin/index.php(111): require_once('/var/www/html/w...')
#3 {main}
  thrown in /var/www/html/wp-admin/menu-header.php on line 141
[09-Mar-2021 14:50:00 UTC] PHP Deprecated:  Function create_function() is deprecated in /var/www/html/wp-includes/class-wp-ajax-response.php on line 1
[09-Mar-2021 14:50:00 UTC] PHP Deprecated:  Function create_function() is deprecated in /var/www/html/wp-includes/capabilities.php on line 1
[09-Mar-2021 14:50:00 UTC] PHP Deprecated:  Function create_function() is deprecated in /var/www/html/wp-includes/class-wp-metadata-lazyloader.php on line 1
[09-Mar-2021 14:50:00 UTC] PHP Deprecated:  Function create_function() is deprecated in /var/www/html/wp-includes/class-requests.php on line 1
[09-Mar-2021 14:50:00 UTC] PHP Deprecated:  Function create_function() is deprecated in /var/www/html/wp-includes/rest-api/endpoints/class-wp-rest-posts-controller.php on line 1
[09-Mar-2021 14:50:00 UTC] PHP Deprecated:  Function create_function() is deprecated in /var/www/html/wp-includes/sitemaps/class-wp-sitemaps-stylesheet.php on line 1
[09-Mar-2021 14:50:00 UTC] PHP Deprecated:  Function create_function() is deprecated in /var/www/html/wp-includes/blocks/latest-comments.php on line 1
[09-Mar-2021 14:50:00 UTC] PHP Deprecated:  Function create_function() is deprecated in /var/www/html/wp-content/plugins/contact-form-7/includes/integration.php on line 1
[09-Mar-2021 14:50:00 UTC] PHP Deprecated:  Function create_function() is deprecated in /var/www/html/wp-content/plugins/stop-wp-emails-going-to-spam/includes/vendor/freemius/wordpress-sdk/includes/entities/class-fs-plugin.php on line 1
[09-Mar-2021 14:50:00 UTC] PHP Deprecated:  Function create_function() is deprecated in /var/www/html/wp-content/plugins/stop-wp-emails-going-to-spam/includes/vendor/freemius/wordpress-sdk/includes/entities/class-fs-pricing.php on line 1
[09-Mar-2021 14:50:00 UTC] PHP Deprecated:  Function create_function() is deprecated in /var/www/html/wp-content/plugins/stop-wp-emails-going-to-spam/includes/vendor/freemius/wordpress-sdk/includes/entities/class-fs-plugin-license.php on line 1
[09-Mar-2021 14:50:00 UTC] PHP Deprecated:  Function create_function() is deprecated in /var/www/html/wp-includes/widgets/class-wp-widget-meta.php on line 1
[09-Mar-2021 14:50:00 UTC] PHP Deprecated:  Function create_function() is deprecated in /var/www/html/wp-includes/widgets/class-wp-widget-rss.php on line 1
[09-Mar-2021 14:50:00 UTC] PHP Deprecated:  Function create_function() is deprecated in /var/www/html/wp-content/plugins/contact-form-7/modules/hidden.php on line 1
[09-Mar-2021 14:50:00 UTC] PHP Deprecated:  Function create_function() is deprecated in /var/www/html/wp-content/plugins/contact-form-7/modules/submit.php on line 1
[09-Mar-2021 14:50:00 UTC] PHP Deprecated:  Function create_function() is deprecated in /var/www/html/wp-content/plugins/seo-by-rank-math/vendor/cmb2/cmb2/includes/helper-functions.php on line 1
[09-Mar-2021 14:50:00 UTC] PHP Warning:  call_user_func_array() expects parameter 1 to be a valid callback, function 'wptexturize' not found or invalid function name in /var/www/html/wp-includes/class-wp-hook.php on line 289
[09-Mar-2021 14:50:00 UTC] PHP Notice:  Undefined index: error_message in /var/www/html/wp-content/themes/sontara/header.php on line 43
[09-Mar-2021 14:50:51 UTC] PHP Deprecated:  Function create_function() is deprecated in /var/www/html/wp-includes/class-wp-ajax-response.php on line 1
[09-Mar-2021 14:50:51 UTC] PHP Deprecated:  Function create_function() is deprecated in /var/www/html/wp-includes/capabilities.php on line 1
[09-Mar-2021 14:50:51 UTC] PHP Deprecated:  Function create_function() is deprecated in /var/www/html/wp-includes/class-wp-metadata-lazyloader.php on line 1
[09-Mar-2021 14:50:51 UTC] PHP Deprecated:  Function create_function() is deprecated in /var/www/html/wp-includes/class-requests.php on line 1
[09-Mar-2021 14:50:51 UTC] PHP Deprecated:  Function create_function() is deprecated in /var/www/html/wp-includes/rest-api/endpoints/class-wp-rest-posts-controller.php on line 1
[09-Mar-2021 14:50:51 UTC] PHP Deprecated:  Function create_function() is deprecated in /var/www/html/wp-includes/sitemaps/class-wp-sitemaps-stylesheet.php on line 1
[09-Mar-2021 14:50:51 UTC] PHP Deprecated:  Function create_function() is deprecated in /var/www/html/wp-includes/blocks/latest-comments.php on line 1
[09-Mar-2021 14:50:51 UTC] PHP Deprecated:  Function create_function() is deprecated in /var/www/html/wp-content/plugins/contact-form-7/includes/integration.php on line 1
[09-Mar-2021 14:50:51 UTC] PHP Deprecated:  Function create_function() is deprecated in /var/www/html/wp-content/plugins/stop-wp-emails-going-to-spam/includes/vendor/freemius/wordpress-sdk/includes/entities/class-fs-plugin.php on line 1
[09-Mar-2021 14:50:51 UTC] PHP Deprecated:  Function create_function() is deprecated in /var/www/html/wp-content/plugins/stop-wp-emails-going-to-spam/includes/vendor/freemius/wordpress-sdk/includes/entities/class-fs-pricing.php on line 1
[09-Mar-2021 14:50:51 UTC] PHP Deprecated:  Function create_function() is deprecated in /var/www/html/wp-content/plugins/stop-wp-emails-going-to-spam/includes/vendor/freemius/wordpress-sdk/includes/entities/class-fs-plugin-license.php on line 1
[09-Mar-2021 14:50:51 UTC] PHP Deprecated:  Function create_function() is deprecated in /var/www/html/wp-includes/widgets/class-wp-widget-meta.php on line 1
[09-Mar-2021 14:50:51 UTC] PHP Deprecated:  Function create_function() is deprecated in /var/www/html/wp-includes/widgets/class-wp-widget-rss.php on line 1
[09-Mar-2021 14:50:51 UTC] PHP Deprecated:  Function create_function() is deprecated in /var/www/html/wp-content/plugins/contact-form-7/modules/hidden.php on line 1
[09-Mar-2021 14:50:51 UTC] PHP Deprecated:  Function create_function() is deprecated in /var/www/html/wp-content/plugins/contact-form-7/modules/submit.php on line 1
[09-Mar-2021 14:50:52 UTC] PHP Deprecated:  Function create_function() is deprecated in /var/www/html/wp-content/plugins/seo-by-rank-math/vendor/cmb2/cmb2/includes/helper-functions.php on line 1
[09-Mar-2021 14:50:52 UTC] PHP Warning:  call_user_func_array() expects parameter 1 to be a valid callback, function 'wptexturize' not found or invalid function name in /var/www/html/wp-includes/class-wp-hook.php on line 289
[09-Mar-2021 14:50:52 UTC] PHP Notice:  Undefined index: error_message in /var/www/html/wp-content/themes/sontara/header.php on line 43
[09-Mar-2021 14:51:14 UTC] PHP Deprecated:  Function create_function() is deprecated in /var/www/html/wp-includes/class-wp-ajax-response.php on line 1
[09-Mar-2021 14:51:14 UTC] PHP Deprecated:  Function create_function() is deprecated in /var/www/html/wp-includes/capabilities.php on line 1
[09-Mar-2021 14:51:14 UTC] PHP Deprecated:  Function create_function() is deprecated in /var/www/html/wp-includes/class-wp-metadata-lazyloader.php on line 1
[09-Mar-2021 14:51:14 UTC] PHP Deprecated:  Function create_function() is deprecated in /var/www/html/wp-includes/class-requests.php on line 1
[09-Mar-2021 14:51:14 UTC] PHP Deprecated:  Function create_function() is deprecated in /var/www/html/wp-includes/rest-api/endpoints/class-wp-rest-posts-controller.php on line 1
[09-Mar-2021 14:51:14 UTC] PHP Deprecated:  Function create_function() is deprecated in /var/www/html/wp-includes/sitemaps/class-wp-sitemaps-stylesheet.php on line 1
[09-Mar-2021 14:51:14 UTC] PHP Deprecated:  Function create_function() is deprecated in /var/www/html/wp-includes/blocks/latest-comments.php on line 1
[09-Mar-2021 14:51:14 UTC] PHP Deprecated:  Function create_function() is deprecated in /var/www/html/wp-content/plugins/contact-form-7/includes/integration.php on line 1
[09-Mar-2021 14:51:14 UTC] PHP Deprecated:  Function create_function() is deprecated in /var/www/html/wp-content/plugins/stop-wp-emails-going-to-spam/includes/vendor/freemius/wordpress-sdk/includes/entities/class-fs-plugin.php on line 1
[09-Mar-2021 14:51:14 UTC] PHP Deprecated:  Function create_function() is deprecated in /var/www/html/wp-content/plugins/stop-wp-emails-going-to-spam/includes/vendor/freemius/wordpress-sdk/includes/entities/class-fs-pricing.php on line 1
[09-Mar-2021 14:51:14 UTC] PHP Deprecated:  Function create_function() is deprecated in /var/www/html/wp-content/plugins/stop-wp-emails-going-to-spam/includes/vendor/freemius/wordpress-sdk/includes/entities/class-fs-plugin-license.php on line 1
[09-Mar-2021 14:51:14 UTC] PHP Deprecated:  Function create_function() is deprecated in /var/www/html/wp-includes/widgets/class-wp-widget-meta.php on line 1
[09-Mar-2021 14:51:14 UTC] PHP Deprecated:  Function create_function() is deprecated in /var/www/html/wp-includes/widgets/class-wp-widget-rss.php on line 1
[09-Mar-2021 14:51:14 UTC] PHP Deprecated:  Function create_function() is deprecated in /var/www/html/wp-content/plugins/contact-form-7/modules/hidden.php on line 1
[09-Mar-2021 14:51:14 UTC] PHP Deprecated:  Function create_function() is deprecated in /var/www/html/wp-content/plugins/contact-form-7/modules/submit.php on line 1
[09-Mar-2021 14:51:14 UTC] PHP Deprecated:  Function create_function() is deprecated in /var/www/html/wp-content/plugins/seo-by-rank-math/vendor/cmb2/cmb2/includes/helper-functions.php on line 1
